[dotenv@17.3.1] injecting env (0) from .env -- tip: ⚙️  specify custom .env file path with { path: '/custom/path/.env' }
============================================================
🪙 金币交易协议开发团队 - 24/7 自动化系统启动
============================================================
团队: 金币交易协议开发团队
描述: 负责金币交易协议的全栈开发、测试、审查和部署
检查间隔: 30 秒
GitHub 仓库: dyyz1993/coin-exchange-protocol
工作空间: /Users/xuyingzhou/Project/study-desktop/my-react-tailwind-vite-app2/packages/multi-agent/.workspaces/coin-exchange-dev
GLM 模型: glm-5 @ http://192.168.0.29:3120/v1
============================================================


🔄 迭代 #4 - 2026/2/28 20:18:07
📋 获取到 6 个开放的 Issues
✅ 没有新的 Issues 需要处理
📋 待处理: 5, 进行中: 3
👥 忙碌的成员: backend-developer, frontend-developer, requirement-analyst
⏳ 所有可用成员都在忙碌中，等待任务完成...

============================================================
📊 金币交易协议开发团队 - 状态报告
============================================================
迭代次数: 4
待处理任务: 8
已完成任务: 19
============================================================

⏳ 等待 28.847 秒后进行下一次迭代...

🔄 迭代 #5 - 2026/2/28 20:18:37
📋 获取到 6 个开放的 Issues
✅ 没有新的 Issues 需要处理
📋 待处理: 5, 进行中: 3
👥 忙碌的成员: backend-developer, frontend-developer, requirement-analyst
⚠️ 任务 task-1772280708729 (backend-developer) 已超过 6 分钟未更新
⏳ 所有可用成员都在忙碌中，等待任务完成...

============================================================
📊 金币交易协议开发团队 - 状态报告
============================================================
迭代次数: 5
待处理任务: 8
已完成任务: 19
============================================================

⏳ 等待 29.046 秒后进行下一次迭代...

🔄 迭代 #6 - 2026/2/28 20:19:07
📋 获取到 6 个开放的 Issues
✅ 没有新的 Issues 需要处理
📋 待处理: 5, 进行中: 3
👥 忙碌的成员: backend-developer, frontend-developer, requirement-analyst
⚠️ 任务 task-1772280708729 (backend-developer) 已超过 6 分钟未更新
⏳ 所有可用成员都在忙碌中，等待任务完成...

============================================================
📊 金币交易协议开发团队 - 状态报告
============================================================
迭代次数: 6
待处理任务: 8
已完成任务: 19
============================================================

⏳ 等待 29.477 秒后进行下一次迭代...
